<?xml version="1.0" encoding="UTF-8"?>
<!-- Generated by org.testng.reporters.JUnitReportReporter -->
<testsuite hostname="DESKTOP-0ET8UQQ" failures="0" tests="1" name="sample.Demo" time="0.018" errors="0" timestamp="2023-04-12T11:34:22 IST" skipped="0">
  <testcase classname="sample.Demo" name="drag" time="0.018"/>
  <system-out/>
</testsuite> <!-- sample.Demo -->
