<?xml version="1.0" encoding="UTF-8"?>
<!-- Generated by org.testng.reporters.JUnitReportReporter -->
<testsuite hostname="DESKTOP-0ET8UQQ" failures="0" tests="1" name="sample.Demo" time="0.031" errors="0" timestamp="2023-04-12T10:22:11 IST" skipped="0">
  <testcase classname="sample.Demo" name="demo" time="0.031"/>
  <system-out/>
</testsuite> <!-- sample.Demo -->
