<?xml version="1.0" encoding="UTF-8"?>
<!-- Generated by org.testng.reporters.JUnitReportReporter -->
<testsuite hostname="DESKTOP-0ET8UQQ" failures="0" tests="2" name="sample.Demo" time="0.071" errors="0" timestamp="2023-04-12T11:03:37 IST" skipped="0">
  <testcase classname="sample.Demo" name="demo" time="0.067"/>
  <system-out/>
  <testcase classname="sample.Demo" name="samp" time="0.004"/>
  <system-out/>
</testsuite> <!-- sample.Demo -->
