<?xml version="1.0" encoding="UTF-8"?>
<!-- Generated by org.testng.reporters.JUnitReportReporter -->
<testsuite hostname="DESKTOP-0ET8UQQ" failures="0" tests="3" name="sample.Demo" time="0.036" errors="0" timestamp="2023-04-13T11:21:04 IST" skipped="0">
  <testcase classname="sample.Demo" name="samp" time="0.012"/>
  <system-out/>
  <testcase classname="sample.Demo" name="drag" time="0.004"/>
  <system-out/>
  <testcase classname="sample.Demo" name="demo" time="0.020"/>
  <system-out/>
</testsuite> <!-- sample.Demo -->
